C51 COMPILER V9.00   MAIN                                                                  12/21/2017 13:33:17 PAGE 1   


C51 COMPILER V9.00, COMPILATION OF MODULE MAIN
OBJECT MODULE PLACED IN .\Objects\main.obj
COMPILER INVOKED BY: F:\Software_study\Keil_v5\C51\BIN\C51.EXE segment\main.c OPTIMIZE(8,SPEED) BROWSE INCDIR(.\segment;
                    -.\time;.\key;.\State_Machine;.\State) DEBUG OBJECTEXTEND PRINT(.\Listings\main.lst) OBJECT(.\Objects\main.obj)

line level    source

   1          #include "reg51.h"
   2          #include "time.h"
   3          #include "segment.h"
   4          #include "key.h"
   5          #include "State_Machine.h"
   6          #include "Clock_State.h"
   7          
   8          int count=0;
   9          void main()
  10          {
  11   1              StateMachine ASmachine={0};
  12   1              
  13   1              TIME_Init();
  14   1                      
  15   1              //write_buf( &Time );
  16   1              while(1)
  17   1              {               
  18   2                      display();
  19   2                      step(&ASmachine);
  20   2                      
  21   2              }
  22   1      }
  23          
  24          void TO_time() interrupt 1 using 1
  25          {
  26   1              TH0=(65536-50000)/256;
  27   1              TL0=(65536-50000)%256;
  28   1              
  29   1              count++;
  30   1              if(count > 20)
  31   1              {
  32   2                      Time.sec++;
  33   2                              
  34   2                      if(Time.sec == 60)
  35   2                      {
  36   3                              Time.sec = 0;
  37   3                              Time.min++;
  38   3                      }
  39   2      
  40   2      
  41   2                      if(Time.min == 60)
  42   2                      {
  43   3                              Time.hour ++;
  44   3                              Time.min = 0;
  45   3                      }
  46   2                                      
  47   2                      if(Time.hour == 24)
  48   2                      {
  49   3                              Time.hour = 0;
  50   3                      }
  51   2      
  52   2                      count = 0;
  53   2              
  54   2              }
C51 COMPILER V9.00   MAIN                                                                  12/21/2017 13:33:17 PAGE 2   

  55   1      
  56   1      }
  57          
  58          void T1_time() interrupt 3 using 1
  59          {
  60   1              TH1=(65536-10000)/256;
  61   1              TL1=(65536-10000)%256;
  62   1              
  63   1              WatchCount++;
  64   1              
  65   1              if(WatchCount > 99)
  66   1              {
  67   2                      WatchCount = 0;
  68   2                      WATCH.sec++;
  69   2              }
  70   1              
  71   1              if(WATCH.sec > 60)
  72   1              {
  73   2                      WATCH.sec = 0;
  74   2                      WATCH.min++;
  75   2              
  76   2              }
  77   1      }


MODULE INFORMATION:   STATIC OVERLAYABLE
   CODE SIZE        =    162    ----
   CONSTANT SIZE    =      1    ----
   XDATA SIZE       =   ----    ----
   PDATA SIZE       =   ----    ----
   DATA SIZE        =      2       1
   IDATA SIZE       =   ----    ----
   BIT SIZE         =   ----    ----
END OF MODULE INFORMATION.


C51 COMPILATION COMPLETE.  0 WARNING(S),  0 ERROR(S)
