C51 COMPILER V9.00   STATE_MACHINE                                                         12/21/2017 13:33:18 PAGE 1   


C51 COMPILER V9.00, COMPILATION OF MODULE STATE_MACHINE
OBJECT MODULE PLACED IN .\Objects\State_Machine.obj
COMPILER INVOKED BY: F:\Software_study\Keil_v5\C51\BIN\C51.EXE State_Machine\State_Machine.c OPTIMIZE(8,SPEED) BROWSE IN
                    -CDIR(.\segment;.\time;.\key;.\State_Machine;.\State) DEBUG OBJECTEXTEND PRINT(.\Listings\State_Machine.lst) OBJECT(.\Obj
                    -ects\State_Machine.obj)

line level    source

   1          #include"State_Machine.h"
   2          #include "key.h"
   3          
   4          //每一个任务都是 一个action
   5          void step(pStateMachine machine)
   6          {
   7   1              
   8   1              static unsigned char val;
   9   1              static pTrasition T;
  10   1              
  11   1              val = key_scan();
  12   1              T = transition_table[machine->current][val];
  13   1          
  14   1              machine->current = T->next;
  15   1              
  16   1          (*(T->action))();
  17   1      }
  18          


MODULE INFORMATION:   STATIC OVERLAYABLE
   CODE SIZE        =     96    ----
   CONSTANT SIZE    =   ----    ----
   XDATA SIZE       =   ----    ----
   PDATA SIZE       =   ----    ----
   DATA SIZE        =      4       3
   IDATA SIZE       =   ----    ----
   BIT SIZE         =   ----    ----
END OF MODULE INFORMATION.


C51 COMPILATION COMPLETE.  0 WARNING(S),  0 ERROR(S)
